<?xml version="1.0" encoding="UTF-8"?>
<testsuite name="com.example.rqchallenge.unit.EmployeeService.EmployeeServiceTest" tests="14" skipped="0" failures="0" errors="0" timestamp="2024-07-01T15:53:55" hostname="135530-T14" time="0.125">
  <properties/>
  <testcase name="testGetEmployeeByIdForInvalidSearch()" classname="com.example.rqchallenge.unit.EmployeeService.EmployeeServiceTest" time="0.007"/>
  <testcase name="testDeleteForInvalidId()" classname="com.example.rqchallenge.unit.EmployeeService.EmployeeServiceTest" time="0.005"/>
  <testcase name="testCreateEmployeeWithoutName()" classname="com.example.rqchallenge.unit.EmployeeService.EmployeeServiceTest" time="0.03"/>
  <testcase name="testGetEmployeeWithNameSearchForEmptyData()" classname="com.example.rqchallenge.unit.EmployeeService.EmployeeServiceTest" time="0.004"/>
  <testcase name="testGetAllEmployee()" classname="com.example.rqchallenge.unit.EmployeeService.EmployeeServiceTest" time="0.004"/>
  <testcase name="testGetEmployeeById()" classname="com.example.rqchallenge.unit.EmployeeService.EmployeeServiceTest" time="0.003"/>
  <testcase name="testCreateEmployee()" classname="com.example.rqchallenge.unit.EmployeeService.EmployeeServiceTest" time="0.014"/>
  <testcase name="testGetEmployeeWithNameSearchForInvalidSearch()" classname="com.example.rqchallenge.unit.EmployeeService.EmployeeServiceTest" time="0.004"/>
  <testcase name="testCreateEmployeeWithoutNameAndSalary()" classname="com.example.rqchallenge.unit.EmployeeService.EmployeeServiceTest" time="0.004"/>
  <testcase name="testTopTenHighestEarningEmployeeNames()" classname="com.example.rqchallenge.unit.EmployeeService.EmployeeServiceTest" time="0.004"/>
  <testcase name="testTopTenHighestEarningEmployeeNamesWithSmallList()" classname="com.example.rqchallenge.unit.EmployeeService.EmployeeServiceTest" time="0.004"/>
  <testcase name="testDelete()" classname="com.example.rqchallenge.unit.EmployeeService.EmployeeServiceTest" time="0.004"/>
  <testcase name="testGetEmployeeWithNameSearch()" classname="com.example.rqchallenge.unit.EmployeeService.EmployeeServiceTest" time="0.007"/>
  <testcase name="testGetHighestSalary()" classname="com.example.rqchallenge.unit.EmployeeService.EmployeeServiceTest" time="0.008"/>
  <system-out><![CDATA[2024-07-01 21:23:54.933  INFO 24908 --- [    Test worker] .b.t.c.SpringBootTestContextBootstrapper : Neither @ContextConfiguration nor @ContextHierarchy found for test class [com.example.rqchallenge.unit.EmployeeService.EmployeeServiceTest], using SpringBootContextLoader
2024-07-01 21:23:54.934  INFO 24908 --- [    Test worker] o.s.t.c.support.AbstractContextLoader    : Could not detect default resource locations for test class [com.example.rqchallenge.unit.EmployeeService.EmployeeServiceTest]: no resource found for suffixes {-context.xml, Context.groovy}.
2024-07-01 21:23:54.934  INFO 24908 --- [    Test worker] t.c.s.AnnotationConfigContextLoaderUtils : Could not detect default configuration classes for test class [com.example.rqchallenge.unit.EmployeeService.EmployeeServiceTest]: EmployeeServiceTest does not declare any static, non-private, non-final, nested classes annotated with @Configuration.
2024-07-01 21:23:54.948  INFO 24908 --- [    Test worker] .b.t.c.SpringBootTestContextBootstrapper : Found @SpringBootConfiguration com.example.rqchallenge.RqChallengeApplication for test class com.example.rqchallenge.unit.EmployeeService.EmployeeServiceTest
2024-07-01 21:23:54.950  INFO 24908 --- [    Test worker] .b.t.c.SpringBootTestContextBootstrapper : Loaded default TestExecutionListener class names from location [META-INF/spring.factories]: [org.springframework.boot.test.autoconfigure.restdocs.RestDocsTestExecutionListener, org.springframework.boot.test.autoconfigure.web.client.MockRestServiceServerResetTestExecutionListener, org.springframework.boot.test.autoconfigure.web.servlet.MockMvcPrintOnlyOnFailureTestExecutionListener, org.springframework.boot.test.autoconfigure.web.servlet.WebDriverTestExecutionListener, org.springframework.boot.test.autoconfigure.webservices.client.MockWebServiceServerTestExecutionListener, org.springframework.boot.test.mock.mockito.MockitoTestExecutionListener, org.springframework.boot.test.mock.mockito.ResetMocksTestExecutionListener, org.springframework.test.context.web.ServletTestExecutionListener, org.springframework.test.context.support.DirtiesContextBeforeModesTestExecutionListener, org.springframework.test.context.event.ApplicationEventsTestExecutionListener, org.springframework.test.context.support.DependencyInjectionTestExecutionListener, org.springframework.test.context.support.DirtiesContextTestExecutionListener, org.springframework.test.context.transaction.TransactionalTestExecutionListener, org.springframework.test.context.jdbc.SqlScriptsTestExecutionListener, org.springframework.test.context.event.EventPublishingTestExecutionListener]
2024-07-01 21:23:54.951  INFO 24908 --- [    Test worker] .b.t.c.SpringBootTestContextBootstrapper : Using TestExecutionListeners: [org.springframework.test.context.web.ServletTestExecutionListener@756c67cd, org.springframework.test.context.support.DirtiesContextBeforeModesTestExecutionListener@50de907a, org.springframework.test.context.event.ApplicationEventsTestExecutionListener@1fd37440, org.springframework.boot.test.mock.mockito.MockitoTestExecutionListener@79308a2, org.springframework.boot.test.autoconfigure.SpringBootDependencyInjectionTestExecutionListener@11574592, org.springframework.test.context.support.DirtiesContextTestExecutionListener@352e5a82, org.springframework.test.context.event.EventPublishingTestExecutionListener@315b5913, org.springframework.boot.test.autoconfigure.restdocs.RestDocsTestExecutionListener@2e929182, org.springframework.boot.test.autoconfigure.web.client.MockRestServiceServerResetTestExecutionListener@5423a17, org.springframework.boot.test.autoconfigure.web.servlet.MockMvcPrintOnlyOnFailureTestExecutionListener@42ff9a77, org.springframework.boot.test.autoconfigure.web.servlet.WebDriverTestExecutionListener@2987d0fa, org.springframework.boot.test.autoconfigure.webservices.client.MockWebServiceServerTestExecutionListener@13234ac9, org.springframework.boot.test.mock.mockito.ResetMocksTestExecutionListener@7254838]
2024-07-01 21:23:55.155  INFO 24908 --- [    Test worker] c.e.rqchallenge.service.EmployeeService  : Employee added successfully Employee(id=1, name=Samiran, salary=100, age=22)
]]></system-out>
  <system-err><![CDATA[]]></system-err>
</testsuite>
