<?xml version="1.0" encoding="UTF-8"?>
<testsuite name="com.example.rqchallenge.unit.EmployeeService.GlobalExceptionHandlerTest" tests="2" skipped="0" failures="0" errors="0" timestamp="2024-07-01T15:53:55" hostname="135530-T14" time="0.019">
  <properties/>
  <testcase name="testException()" classname="com.example.rqchallenge.unit.EmployeeService.GlobalExceptionHandlerTest" time="0.012"/>
  <testcase name="testCustomException()" classname="com.example.rqchallenge.unit.EmployeeService.GlobalExceptionHandlerTest" time="0.006"/>
  <system-out><![CDATA[2024-07-01 21:23:55.216  INFO 24908 --- [    Test worker] .b.t.c.SpringBootTestContextBootstrapper : Neither @ContextConfiguration nor @ContextHierarchy found for test class [com.example.rqchallenge.unit.EmployeeService.GlobalExceptionHandlerTest], using SpringBootContextLoader
2024-07-01 21:23:55.218  INFO 24908 --- [    Test worker] o.s.t.c.support.AbstractContextLoader    : Could not detect default resource locations for test class [com.example.rqchallenge.unit.EmployeeService.GlobalExceptionHandlerTest]: no resource found for suffixes {-context.xml, Context.groovy}.
2024-07-01 21:23:55.219  INFO 24908 --- [    Test worker] t.c.s.AnnotationConfigContextLoaderUtils : Could not detect default configuration classes for test class [com.example.rqchallenge.unit.EmployeeService.GlobalExceptionHandlerTest]: GlobalExceptionHandlerTest does not declare any static, non-private, non-final, nested classes annotated with @Configuration.
2024-07-01 21:23:55.221  INFO 24908 --- [    Test worker] .b.t.c.SpringBootTestContextBootstrapper : Found @SpringBootConfiguration com.example.rqchallenge.RqChallengeApplication for test class com.example.rqchallenge.unit.EmployeeService.GlobalExceptionHandlerTest
2024-07-01 21:23:55.225  INFO 24908 --- [    Test worker] .b.t.c.SpringBootTestContextBootstrapper : Loaded default TestExecutionListener class names from location [META-INF/spring.factories]: [org.springframework.boot.test.autoconfigure.restdocs.RestDocsTestExecutionListener, org.springframework.boot.test.autoconfigure.web.client.MockRestServiceServerResetTestExecutionListener, org.springframework.boot.test.autoconfigure.web.servlet.MockMvcPrintOnlyOnFailureTestExecutionListener, org.springframework.boot.test.autoconfigure.web.servlet.WebDriverTestExecutionListener, org.springframework.boot.test.autoconfigure.webservices.client.MockWebServiceServerTestExecutionListener, org.springframework.boot.test.mock.mockito.MockitoTestExecutionListener, org.springframework.boot.test.mock.mockito.ResetMocksTestExecutionListener, org.springframework.test.context.web.ServletTestExecutionListener, org.springframework.test.context.support.DirtiesContextBeforeModesTestExecutionListener, org.springframework.test.context.event.ApplicationEventsTestExecutionListener, org.springframework.test.context.support.DependencyInjectionTestExecutionListener, org.springframework.test.context.support.DirtiesContextTestExecutionListener, org.springframework.test.context.transaction.TransactionalTestExecutionListener, org.springframework.test.context.jdbc.SqlScriptsTestExecutionListener, org.springframework.test.context.event.EventPublishingTestExecutionListener]
2024-07-01 21:23:55.227  INFO 24908 --- [    Test worker] .b.t.c.SpringBootTestContextBootstrapper : Using TestExecutionListeners: [org.springframework.test.context.web.ServletTestExecutionListener@4b09d1c3, org.springframework.test.context.support.DirtiesContextBeforeModesTestExecutionListener@18811c42, org.springframework.test.context.event.ApplicationEventsTestExecutionListener@627acb38, org.springframework.boot.test.mock.mockito.MockitoTestExecutionListener@32b95de, org.springframework.boot.test.autoconfigure.SpringBootDependencyInjectionTestExecutionListener@629cbb1, org.springframework.test.context.support.DirtiesContextTestExecutionListener@165aa43a, org.springframework.test.context.event.EventPublishingTestExecutionListener@22cd8ec2, org.springframework.boot.test.autoconfigure.restdocs.RestDocsTestExecutionListener@7d977a20, org.springframework.boot.test.autoconfigure.web.client.MockRestServiceServerResetTestExecutionListener@35ab4260, org.springframework.boot.test.autoconfigure.web.servlet.MockMvcPrintOnlyOnFailureTestExecutionListener@76134b9b, org.springframework.boot.test.autoconfigure.web.servlet.WebDriverTestExecutionListener@38667005, org.springframework.boot.test.autoconfigure.webservices.client.MockWebServiceServerTestExecutionListener@7ee64b53, org.springframework.boot.test.mock.mockito.ResetMocksTestExecutionListener@1131aead]
]]></system-out>
  <system-err><![CDATA[]]></system-err>
</testsuite>
