<?xml version="1.0" encoding="UTF-8"?>
<testsuite name="com.example.rqchallenge.unit.EmployeeService.ValidatorServiceTest" tests="2" skipped="0" failures="0" errors="0" timestamp="2024-07-01T15:53:55" hostname="135530-T14" time="0.012">
  <properties/>
  <testcase name="testWithoutError()" classname="com.example.rqchallenge.unit.EmployeeService.ValidatorServiceTest" time="0.005"/>
  <testcase name="testWithError()" classname="com.example.rqchallenge.unit.EmployeeService.ValidatorServiceTest" time="0.006"/>
  <system-out><![CDATA[2024-07-01 21:23:55.256  INFO 24908 --- [    Test worker] .b.t.c.SpringBootTestContextBootstrapper : Neither @ContextConfiguration nor @ContextHierarchy found for test class [com.example.rqchallenge.unit.EmployeeService.ValidatorServiceTest], using SpringBootContextLoader
2024-07-01 21:23:55.260  INFO 24908 --- [    Test worker] o.s.t.c.support.AbstractContextLoader    : Could not detect default resource locations for test class [com.example.rqchallenge.unit.EmployeeService.ValidatorServiceTest]: no resource found for suffixes {-context.xml, Context.groovy}.
2024-07-01 21:23:55.260  INFO 24908 --- [    Test worker] t.c.s.AnnotationConfigContextLoaderUtils : Could not detect default configuration classes for test class [com.example.rqchallenge.unit.EmployeeService.ValidatorServiceTest]: ValidatorServiceTest does not declare any static, non-private, non-final, nested classes annotated with @Configuration.
2024-07-01 21:23:55.262  INFO 24908 --- [    Test worker] .b.t.c.SpringBootTestContextBootstrapper : Found @SpringBootConfiguration com.example.rqchallenge.RqChallengeApplication for test class com.example.rqchallenge.unit.EmployeeService.ValidatorServiceTest
2024-07-01 21:23:55.265  INFO 24908 --- [    Test worker] .b.t.c.SpringBootTestContextBootstrapper : Loaded default TestExecutionListener class names from location [META-INF/spring.factories]: [org.springframework.boot.test.autoconfigure.restdocs.RestDocsTestExecutionListener, org.springframework.boot.test.autoconfigure.web.client.MockRestServiceServerResetTestExecutionListener, org.springframework.boot.test.autoconfigure.web.servlet.MockMvcPrintOnlyOnFailureTestExecutionListener, org.springframework.boot.test.autoconfigure.web.servlet.WebDriverTestExecutionListener, org.springframework.boot.test.autoconfigure.webservices.client.MockWebServiceServerTestExecutionListener, org.springframework.boot.test.mock.mockito.MockitoTestExecutionListener, org.springframework.boot.test.mock.mockito.ResetMocksTestExecutionListener, org.springframework.test.context.web.ServletTestExecutionListener, org.springframework.test.context.support.DirtiesContextBeforeModesTestExecutionListener, org.springframework.test.context.event.ApplicationEventsTestExecutionListener, org.springframework.test.context.support.DependencyInjectionTestExecutionListener, org.springframework.test.context.support.DirtiesContextTestExecutionListener, org.springframework.test.context.transaction.TransactionalTestExecutionListener, org.springframework.test.context.jdbc.SqlScriptsTestExecutionListener, org.springframework.test.context.event.EventPublishingTestExecutionListener]
2024-07-01 21:23:55.267  INFO 24908 --- [    Test worker] .b.t.c.SpringBootTestContextBootstrapper : Using TestExecutionListeners: [org.springframework.test.context.web.ServletTestExecutionListener@2a9e754e, org.springframework.test.context.support.DirtiesContextBeforeModesTestExecutionListener@760a2b6e, org.springframework.test.context.event.ApplicationEventsTestExecutionListener@20a9f5fb, org.springframework.boot.test.mock.mockito.MockitoTestExecutionListener@6d617b07, org.springframework.boot.test.autoconfigure.SpringBootDependencyInjectionTestExecutionListener@340c57e0, org.springframework.test.context.support.DirtiesContextTestExecutionListener@137a4b54, org.springframework.test.context.event.EventPublishingTestExecutionListener@7c9372ed, org.springframework.boot.test.autoconfigure.restdocs.RestDocsTestExecutionListener@1acc873b, org.springframework.boot.test.autoconfigure.web.client.MockRestServiceServerResetTestExecutionListener@4ca970d5, org.springframework.boot.test.autoconfigure.web.servlet.MockMvcPrintOnlyOnFailureTestExecutionListener@dc8b2ff, org.springframework.boot.test.autoconfigure.web.servlet.WebDriverTestExecutionListener@6a2badb1, org.springframework.boot.test.autoconfigure.webservices.client.MockWebServiceServerTestExecutionListener@14201a90, org.springframework.boot.test.mock.mockito.ResetMocksTestExecutionListener@1308ef19]
]]></system-out>
  <system-err><![CDATA[]]></system-err>
</testsuite>
