<?xml version="1.0" encoding="UTF-8"?>
<testsuite name="com.example.rqchallenge.integration.EmployeeControllerTest" tests="8" skipped="0" failures="0" errors="0" timestamp="2024-07-01T15:53:54" hostname="135530-T14" time="0.446">
  <properties/>
  <testcase name="testDeleteEmployee()" classname="com.example.rqchallenge.integration.EmployeeControllerTest" time="0.205"/>
  <testcase name="testGetTopTenHighestEarningEmployeeNames()" classname="com.example.rqchallenge.integration.EmployeeControllerTest" time="0.065"/>
  <testcase name="testGetHighestSalaryOfEmployees()" classname="com.example.rqchallenge.integration.EmployeeControllerTest" time="0.021"/>
  <testcase name="testGetHighestEarningEmployeeNames()" classname="com.example.rqchallenge.integration.EmployeeControllerTest" time="0.019"/>
  <testcase name="testGetEmployeeById()" classname="com.example.rqchallenge.integration.EmployeeControllerTest" time="0.084"/>
  <testcase name="testCreateEmployee()" classname="com.example.rqchallenge.integration.EmployeeControllerTest" time="0.017"/>
  <testcase name="testGetAllEmployees()" classname="com.example.rqchallenge.integration.EmployeeControllerTest" time="0.012"/>
  <testcase name="testGetEmployeesByName()" classname="com.example.rqchallenge.integration.EmployeeControllerTest" time="0.012"/>
  <system-out><![CDATA[2024-07-01 21:23:53.262  INFO 24908 --- [    Test worker] .b.t.c.SpringBootTestContextBootstrapper : Neither @ContextConfiguration nor @ContextHierarchy found for test class [com.example.rqchallenge.integration.EmployeeControllerTest], using SpringBootContextLoader
2024-07-01 21:23:53.263  INFO 24908 --- [    Test worker] o.s.t.c.support.AbstractContextLoader    : Could not detect default resource locations for test class [com.example.rqchallenge.integration.EmployeeControllerTest]: no resource found for suffixes {-context.xml, Context.groovy}.
2024-07-01 21:23:53.264  INFO 24908 --- [    Test worker] t.c.s.AnnotationConfigContextLoaderUtils : Could not detect default configuration classes for test class [com.example.rqchallenge.integration.EmployeeControllerTest]: EmployeeControllerTest does not declare any static, non-private, non-final, nested classes annotated with @Configuration.
2024-07-01 21:23:53.277  INFO 24908 --- [    Test worker] .b.t.c.SpringBootTestContextBootstrapper : Found @SpringBootConfiguration com.example.rqchallenge.RqChallengeApplication for test class com.example.rqchallenge.integration.EmployeeControllerTest
2024-07-01 21:23:53.279  INFO 24908 --- [    Test worker] .b.t.c.SpringBootTestContextBootstrapper : Loaded default TestExecutionListener class names from location [META-INF/spring.factories]: [org.springframework.boot.test.autoconfigure.restdocs.RestDocsTestExecutionListener, org.springframework.boot.test.autoconfigure.web.client.MockRestServiceServerResetTestExecutionListener, org.springframework.boot.test.autoconfigure.web.servlet.MockMvcPrintOnlyOnFailureTestExecutionListener, org.springframework.boot.test.autoconfigure.web.servlet.WebDriverTestExecutionListener, org.springframework.boot.test.autoconfigure.webservices.client.MockWebServiceServerTestExecutionListener, org.springframework.boot.test.mock.mockito.MockitoTestExecutionListener, org.springframework.boot.test.mock.mockito.ResetMocksTestExecutionListener, org.springframework.test.context.web.ServletTestExecutionListener, org.springframework.test.context.support.DirtiesContextBeforeModesTestExecutionListener, org.springframework.test.context.event.ApplicationEventsTestExecutionListener, org.springframework.test.context.support.DependencyInjectionTestExecutionListener, org.springframework.test.context.support.DirtiesContextTestExecutionListener, org.springframework.test.context.transaction.TransactionalTestExecutionListener, org.springframework.test.context.jdbc.SqlScriptsTestExecutionListener, org.springframework.test.context.event.EventPublishingTestExecutionListener]
2024-07-01 21:23:53.281  INFO 24908 --- [    Test worker] .b.t.c.SpringBootTestContextBootstrapper : Using TestExecutionListeners: [org.springframework.test.context.web.ServletTestExecutionListener@37775bb1, org.springframework.test.context.support.DirtiesContextBeforeModesTestExecutionListener@7b9e25bd, org.springframework.test.context.event.ApplicationEventsTestExecutionListener@2d206a71, org.springframework.boot.test.mock.mockito.MockitoTestExecutionListener@37e7c4cc, org.springframework.boot.test.autoconfigure.SpringBootDependencyInjectionTestExecutionListener@3a40bb52, org.springframework.test.context.support.DirtiesContextTestExecutionListener@3079c26a, org.springframework.test.context.event.EventPublishingTestExecutionListener@1e2445f6, org.springframework.boot.test.autoconfigure.restdocs.RestDocsTestExecutionListener@17ec335a, org.springframework.boot.test.autoconfigure.web.client.MockRestServiceServerResetTestExecutionListener@284990de, org.springframework.boot.test.autoconfigure.web.servlet.MockMvcPrintOnlyOnFailureTestExecutionListener@565d7d2f, org.springframework.boot.test.autoconfigure.web.servlet.WebDriverTestExecutionListener@6aea99e7, org.springframework.boot.test.autoconfigure.webservices.client.MockWebServiceServerTestExecutionListener@1c6a0103, org.springframework.boot.test.mock.mockito.ResetMocksTestExecutionListener@7841bd30]

  .   ____          _            __ _ _
 /\\ / ___'_ __ _ _(_)_ __  __ _ \ \ \ \
( ( )\___ | '_ | '_| | '_ \/ _` | \ \ \ \
 \\/  ___)| |_)| | | | | || (_| |  ) ) ) )
  '  |____| .__|_| |_|_| |_\__, | / / / /
 =========|_|==============|___/=/_/_/_/
 :: Spring Boot ::                (v2.6.1)

2024-07-01 21:23:53.328  INFO 24908 --- [    Test worker] c.e.r.i.EmployeeControllerTest           : Starting EmployeeControllerTest using Java 15.0.10 on 135530-T14 with PID 24908 (started by samdeshmukh in C:\Codes\RQ2\java-employee-challenge)
2024-07-01 21:23:53.328  INFO 24908 --- [    Test worker] c.e.r.i.EmployeeControllerTest           : No active profile set, falling back to default profiles: default
2024-07-01 21:23:53.750  INFO 24908 --- [    Test worker] o.s.b.w.embedded.tomcat.TomcatWebServer  : Tomcat initialized with port(s): 0 (http)
2024-07-01 21:23:53.768  INFO 24908 --- [    Test worker] o.apache.catalina.core.StandardService   : Starting service [Tomcat]
2024-07-01 21:23:53.768  INFO 24908 --- [    Test worker] org.apache.catalina.core.StandardEngine  : Starting Servlet engine: [Apache Tomcat/9.0.55]
2024-07-01 21:23:53.942  INFO 24908 --- [    Test worker] o.a.c.c.C.[Tomcat].[localhost].[/app]    : Initializing Spring embedded WebApplicationContext
2024-07-01 21:23:53.942  INFO 24908 --- [    Test worker] w.s.c.ServletWebServerApplicationContext : Root WebApplicationContext: initialization completed in 611 ms
2024-07-01 21:23:54.471  INFO 24908 --- [    Test worker] o.s.b.w.embedded.tomcat.TomcatWebServer  : Tomcat started on port(s): 58166 (http) with context path '/app'
2024-07-01 21:23:54.475  INFO 24908 --- [    Test worker] c.e.r.i.EmployeeControllerTest           : Started EmployeeControllerTest in 1.189 seconds (JVM running for 5.083)
2024-07-01 21:23:54.488  INFO 24908 --- [    Test worker] c.e.rqchallenge.service.EmployeeService  : Employee added successfully Employee(id=1, name=Employee0, salary=1000, age=20)
2024-07-01 21:23:54.494  INFO 24908 --- [    Test worker] c.e.rqchallenge.service.EmployeeService  : Employee added successfully Employee(id=2, name=Employee1, salary=2000, age=21)
2024-07-01 21:23:54.610  INFO 24908 --- [o-auto-1-exec-1] o.a.c.c.C.[Tomcat].[localhost].[/app]    : Initializing Spring DispatcherServlet 'dispatcherServlet'
2024-07-01 21:23:54.611  INFO 24908 --- [o-auto-1-exec-1] o.s.web.servlet.DispatcherServlet        : Initializing Servlet 'dispatcherServlet'
2024-07-01 21:23:54.612  INFO 24908 --- [o-auto-1-exec-1] o.s.web.servlet.DispatcherServlet        : Completed initialization in 1 ms
2024-07-01 21:23:54.691  INFO 24908 --- [    Test worker] c.e.rqchallenge.service.EmployeeService  : Employee added successfully Employee(id=1, name=Employee0, salary=1000, age=20)
2024-07-01 21:23:54.691  INFO 24908 --- [    Test worker] c.e.rqchallenge.service.EmployeeService  : Employee added successfully Employee(id=2, name=Employee1, salary=2000, age=21)
2024-07-01 21:23:54.691  INFO 24908 --- [    Test worker] c.e.rqchallenge.service.EmployeeService  : Employee added successfully Employee(id=3, name=Employee2, salary=3000, age=22)
2024-07-01 21:23:54.691  INFO 24908 --- [    Test worker] c.e.rqchallenge.service.EmployeeService  : Employee added successfully Employee(id=4, name=Employee3, salary=4000, age=23)
2024-07-01 21:23:54.691  INFO 24908 --- [    Test worker] c.e.rqchallenge.service.EmployeeService  : Employee added successfully Employee(id=5, name=Employee4, salary=5000, age=24)
2024-07-01 21:23:54.691  INFO 24908 --- [    Test worker] c.e.rqchallenge.service.EmployeeService  : Employee added successfully Employee(id=6, name=Employee5, salary=6000, age=25)
2024-07-01 21:23:54.691  INFO 24908 --- [    Test worker] c.e.rqchallenge.service.EmployeeService  : Employee added successfully Employee(id=7, name=Employee6, salary=7000, age=26)
2024-07-01 21:23:54.691  INFO 24908 --- [    Test worker] c.e.rqchallenge.service.EmployeeService  : Employee added successfully Employee(id=8, name=Employee7, salary=8000, age=27)
2024-07-01 21:23:54.691  INFO 24908 --- [    Test worker] c.e.rqchallenge.service.EmployeeService  : Employee added successfully Employee(id=9, name=Employee8, salary=9000, age=28)
2024-07-01 21:23:54.692  INFO 24908 --- [    Test worker] c.e.rqchallenge.service.EmployeeService  : Employee added successfully Employee(id=10, name=Employee9, salary=10000, age=29)
2024-07-01 21:23:54.692  INFO 24908 --- [    Test worker] c.e.rqchallenge.service.EmployeeService  : Employee added successfully Employee(id=11, name=Employee10, salary=11000, age=30)
2024-07-01 21:23:54.692  INFO 24908 --- [    Test worker] c.e.rqchallenge.service.EmployeeService  : Employee added successfully Employee(id=12, name=Employee11, salary=12000, age=31)
2024-07-01 21:23:54.692  INFO 24908 --- [    Test worker] c.e.rqchallenge.service.EmployeeService  : Employee added successfully Employee(id=13, name=Employee12, salary=13000, age=32)
2024-07-01 21:23:54.692  INFO 24908 --- [    Test worker] c.e.rqchallenge.service.EmployeeService  : Employee added successfully Employee(id=14, name=Employee13, salary=14000, age=33)
2024-07-01 21:23:54.692  INFO 24908 --- [    Test worker] c.e.rqchallenge.service.EmployeeService  : Employee added successfully Employee(id=15, name=Employee14, salary=15000, age=34)
2024-07-01 21:23:54.758  INFO 24908 --- [    Test worker] c.e.rqchallenge.service.EmployeeService  : Employee added successfully Employee(id=1, name=Employee0, salary=1000, age=20)
2024-07-01 21:23:54.759  INFO 24908 --- [    Test worker] c.e.rqchallenge.service.EmployeeService  : Employee added successfully Employee(id=2, name=Employee1, salary=2000, age=21)
2024-07-01 21:23:54.759  INFO 24908 --- [    Test worker] c.e.rqchallenge.service.EmployeeService  : Employee added successfully Employee(id=3, name=Employee2, salary=3000, age=22)
2024-07-01 21:23:54.759  INFO 24908 --- [    Test worker] c.e.rqchallenge.service.EmployeeService  : Employee added successfully Employee(id=4, name=Employee3, salary=4000, age=23)
2024-07-01 21:23:54.759  INFO 24908 --- [    Test worker] c.e.rqchallenge.service.EmployeeService  : Employee added successfully Employee(id=5, name=Employee4, salary=5000, age=24)
2024-07-01 21:23:54.759  INFO 24908 --- [    Test worker] c.e.rqchallenge.service.EmployeeService  : Employee added successfully Employee(id=6, name=Employee5, salary=6000, age=25)
2024-07-01 21:23:54.759  INFO 24908 --- [    Test worker] c.e.rqchallenge.service.EmployeeService  : Employee added successfully Employee(id=7, name=Employee6, salary=7000, age=26)
2024-07-01 21:23:54.759  INFO 24908 --- [    Test worker] c.e.rqchallenge.service.EmployeeService  : Employee added successfully Employee(id=8, name=Employee7, salary=8000, age=27)
2024-07-01 21:23:54.759  INFO 24908 --- [    Test worker] c.e.rqchallenge.service.EmployeeService  : Employee added successfully Employee(id=9, name=Employee8, salary=9000, age=28)
2024-07-01 21:23:54.760  INFO 24908 --- [    Test worker] c.e.rqchallenge.service.EmployeeService  : Employee added successfully Employee(id=10, name=Employee9, salary=10000, age=29)
2024-07-01 21:23:54.781  INFO 24908 --- [    Test worker] c.e.rqchallenge.service.EmployeeService  : Employee added successfully Employee(id=1, name=Employee0, salary=1000, age=20)
2024-07-01 21:23:54.782  INFO 24908 --- [    Test worker] c.e.rqchallenge.service.EmployeeService  : Employee added successfully Employee(id=2, name=Employee1, salary=2000, age=21)
2024-07-01 21:23:54.782  INFO 24908 --- [    Test worker] c.e.rqchallenge.service.EmployeeService  : Employee added successfully Employee(id=3, name=Employee2, salary=3000, age=22)
2024-07-01 21:23:54.782  INFO 24908 --- [    Test worker] c.e.rqchallenge.service.EmployeeService  : Employee added successfully Employee(id=4, name=Employee3, salary=4000, age=23)
2024-07-01 21:23:54.782  INFO 24908 --- [    Test worker] c.e.rqchallenge.service.EmployeeService  : Employee added successfully Employee(id=5, name=Employee4, salary=5000, age=24)
2024-07-01 21:23:54.782  INFO 24908 --- [    Test worker] c.e.rqchallenge.service.EmployeeService  : Employee added successfully Employee(id=6, name=Employee5, salary=6000, age=25)
2024-07-01 21:23:54.783  INFO 24908 --- [    Test worker] c.e.rqchallenge.service.EmployeeService  : Employee added successfully Employee(id=7, name=Employee6, salary=7000, age=26)
2024-07-01 21:23:54.783  INFO 24908 --- [    Test worker] c.e.rqchallenge.service.EmployeeService  : Employee added successfully Employee(id=8, name=Employee7, salary=8000, age=27)
2024-07-01 21:23:54.783  INFO 24908 --- [    Test worker] c.e.rqchallenge.service.EmployeeService  : Employee added successfully Employee(id=9, name=Employee8, salary=9000, age=28)
2024-07-01 21:23:54.783  INFO 24908 --- [    Test worker] c.e.rqchallenge.service.EmployeeService  : Employee added successfully Employee(id=10, name=Employee9, salary=10000, age=29)
2024-07-01 21:23:54.783  INFO 24908 --- [    Test worker] c.e.rqchallenge.service.EmployeeService  : Employee added successfully Employee(id=11, name=Employee10, salary=11000, age=30)
2024-07-01 21:23:54.783  INFO 24908 --- [    Test worker] c.e.rqchallenge.service.EmployeeService  : Employee added successfully Employee(id=12, name=Employee11, salary=12000, age=31)
2024-07-01 21:23:54.783  INFO 24908 --- [    Test worker] c.e.rqchallenge.service.EmployeeService  : Employee added successfully Employee(id=13, name=Employee12, salary=13000, age=32)
2024-07-01 21:23:54.783  INFO 24908 --- [    Test worker] c.e.rqchallenge.service.EmployeeService  : Employee added successfully Employee(id=14, name=Employee13, salary=14000, age=33)
2024-07-01 21:23:54.783  INFO 24908 --- [    Test worker] c.e.rqchallenge.service.EmployeeService  : Employee added successfully Employee(id=15, name=Employee14, salary=15000, age=34)
2024-07-01 21:23:54.801  INFO 24908 --- [    Test worker] c.e.rqchallenge.service.EmployeeService  : Employee added successfully Employee(id=1, name=Employee0, salary=1000, age=20)
2024-07-01 21:23:54.801  INFO 24908 --- [    Test worker] c.e.rqchallenge.service.EmployeeService  : Employee added successfully Employee(id=2, name=Employee1, salary=2000, age=21)
2024-07-01 21:23:54.802  INFO 24908 --- [    Test worker] c.e.rqchallenge.service.EmployeeService  : Employee added successfully Employee(id=3, name=Employee2, salary=3000, age=22)
2024-07-01 21:23:54.802  INFO 24908 --- [    Test worker] c.e.rqchallenge.service.EmployeeService  : Employee added successfully Employee(id=4, name=Employee3, salary=4000, age=23)
2024-07-01 21:23:54.802  INFO 24908 --- [    Test worker] c.e.rqchallenge.service.EmployeeService  : Employee added successfully Employee(id=5, name=Employee4, salary=5000, age=24)
2024-07-01 21:23:54.802  INFO 24908 --- [    Test worker] c.e.rqchallenge.service.EmployeeService  : Employee added successfully Employee(id=6, name=Employee5, salary=6000, age=25)
2024-07-01 21:23:54.802  INFO 24908 --- [    Test worker] c.e.rqchallenge.service.EmployeeService  : Employee added successfully Employee(id=7, name=Employee6, salary=7000, age=26)
2024-07-01 21:23:54.802  INFO 24908 --- [    Test worker] c.e.rqchallenge.service.EmployeeService  : Employee added successfully Employee(id=8, name=Employee7, salary=8000, age=27)
2024-07-01 21:23:54.802  INFO 24908 --- [    Test worker] c.e.rqchallenge.service.EmployeeService  : Employee added successfully Employee(id=9, name=Employee8, salary=9000, age=28)
2024-07-01 21:23:54.802  INFO 24908 --- [    Test worker] c.e.rqchallenge.service.EmployeeService  : Employee added successfully Employee(id=10, name=Employee9, salary=10000, age=29)
2024-07-01 21:23:54.897  INFO 24908 --- [o-auto-1-exec-6] c.e.rqchallenge.service.EmployeeService  : Employee added successfully Employee(id=1, name=Employee0, salary=3000, age=25)
2024-07-01 21:23:54.906  INFO 24908 --- [    Test worker] c.e.rqchallenge.service.EmployeeService  : Employee added successfully Employee(id=1, name=Employee0, salary=1000, age=20)
2024-07-01 21:23:54.906  INFO 24908 --- [    Test worker] c.e.rqchallenge.service.EmployeeService  : Employee added successfully Employee(id=2, name=Employee1, salary=2000, age=21)
2024-07-01 21:23:54.907  INFO 24908 --- [    Test worker] c.e.rqchallenge.service.EmployeeService  : Employee added successfully Employee(id=3, name=Employee2, salary=3000, age=22)
2024-07-01 21:23:54.907  INFO 24908 --- [    Test worker] c.e.rqchallenge.service.EmployeeService  : Employee added successfully Employee(id=4, name=Employee3, salary=4000, age=23)
2024-07-01 21:23:54.907  INFO 24908 --- [    Test worker] c.e.rqchallenge.service.EmployeeService  : Employee added successfully Employee(id=5, name=Employee4, salary=5000, age=24)
2024-07-01 21:23:54.907  INFO 24908 --- [    Test worker] c.e.rqchallenge.service.EmployeeService  : Employee added successfully Employee(id=6, name=Employee5, salary=6000, age=25)
2024-07-01 21:23:54.907  INFO 24908 --- [    Test worker] c.e.rqchallenge.service.EmployeeService  : Employee added successfully Employee(id=7, name=Employee6, salary=7000, age=26)
2024-07-01 21:23:54.907  INFO 24908 --- [    Test worker] c.e.rqchallenge.service.EmployeeService  : Employee added successfully Employee(id=8, name=Employee7, salary=8000, age=27)
2024-07-01 21:23:54.907  INFO 24908 --- [    Test worker] c.e.rqchallenge.service.EmployeeService  : Employee added successfully Employee(id=9, name=Employee8, salary=9000, age=28)
2024-07-01 21:23:54.908  INFO 24908 --- [    Test worker] c.e.rqchallenge.service.EmployeeService  : Employee added successfully Employee(id=10, name=Employee9, salary=10000, age=29)
2024-07-01 21:23:54.920  INFO 24908 --- [    Test worker] c.e.rqchallenge.service.EmployeeService  : Employee added successfully Employee(id=1, name=Employee0, salary=1000, age=20)
2024-07-01 21:23:54.920  INFO 24908 --- [    Test worker] c.e.rqchallenge.service.EmployeeService  : Employee added successfully Employee(id=2, name=Employee1, salary=2000, age=21)
2024-07-01 21:23:54.920  INFO 24908 --- [    Test worker] c.e.rqchallenge.service.EmployeeService  : Employee added successfully Employee(id=3, name=Employee2, salary=3000, age=22)
2024-07-01 21:23:54.920  INFO 24908 --- [    Test worker] c.e.rqchallenge.service.EmployeeService  : Employee added successfully Employee(id=4, name=Employee3, salary=4000, age=23)
2024-07-01 21:23:54.920  INFO 24908 --- [    Test worker] c.e.rqchallenge.service.EmployeeService  : Employee added successfully Employee(id=5, name=Employee4, salary=5000, age=24)
2024-07-01 21:23:54.920  INFO 24908 --- [    Test worker] c.e.rqchallenge.service.EmployeeService  : Employee added successfully Employee(id=6, name=Employee5, salary=6000, age=25)
2024-07-01 21:23:54.921  INFO 24908 --- [    Test worker] c.e.rqchallenge.service.EmployeeService  : Employee added successfully Employee(id=7, name=Employee6, salary=7000, age=26)
2024-07-01 21:23:54.921  INFO 24908 --- [    Test worker] c.e.rqchallenge.service.EmployeeService  : Employee added successfully Employee(id=8, name=Employee7, salary=8000, age=27)
2024-07-01 21:23:54.921  INFO 24908 --- [    Test worker] c.e.rqchallenge.service.EmployeeService  : Employee added successfully Employee(id=9, name=Employee8, salary=9000, age=28)
2024-07-01 21:23:54.921  INFO 24908 --- [    Test worker] c.e.rqchallenge.service.EmployeeService  : Employee added successfully Employee(id=10, name=Employee9, salary=10000, age=29)
2024-07-01 21:23:54.921  INFO 24908 --- [    Test worker] c.e.rqchallenge.service.EmployeeService  : Employee added successfully Employee(id=11, name=Employee10, salary=11000, age=30)
]]></system-out>
  <system-err><![CDATA[]]></system-err>
</testsuite>
